<?xml version="1.0" encoding="UTF-8"?>
<!-- Generated by org.testng.reporters.JUnitReportReporter -->
<testsuite hostname="TARIQ" failures="0" tests="4" name="smarttechTestChalange.ParallelTesting" time="16.934" errors="0" timestamp="14 May 2023 21:33:14 GMT" skipped="0">
  <testcase classname="smarttechTestChalange.ParallelTesting" name="senatyTest" time="4.391"/>
  <testcase classname="smarttechTestChalange.ParallelTesting" name="regressionTest" time="5.251"/>
  <testcase classname="smarttechTestChalange.ParallelTesting" name="functionalTest" time="3.647"/>
  <testcase classname="smarttechTestChalange.ParallelTesting" name="smokeTest" time="3.645"/>
</testsuite> <!-- smarttechTestChalange.ParallelTesting -->
