<?xml version="1.0" encoding="UTF-8"?>
<!-- Generated by org.testng.reporters.JUnitReportReporter -->
<testsuite hostname="TARIQ" failures="0" tests="3" name="smarttech.ny.hooks.CrossBrowser" time="17.288" errors="0" timestamp="14 May 2023 10:04:26 GMT" skipped="0">
  <testcase classname="smarttech.ny.hooks.CrossBrowser" name="testCase" time="5.599"/>
  <testcase classname="smarttech.ny.hooks.CrossBrowser" name="testCase" time="4.613"/>
  <testcase classname="smarttech.ny.hooks.CrossBrowser" name="testCase" time="7.076"/>
</testsuite> <!-- smarttech.ny.hooks.CrossBrowser -->
