<?xml version="1.0" encoding="UTF-8"?>
<!-- Generated by org.testng.reporters.JUnitReportReporter -->
<testsuite hostname="TARIQ" failures="0" tests="1" name="smarttech.ny.myrunner.TestRunner" time="2.526" errors="0" timestamp="05 May 2023 03:23:53 GMT" skipped="0">
  <testcase classname="smarttech.ny.myrunner.TestRunner" name="runScenario" time="2.526"/>
</testsuite> <!-- smarttech.ny.myrunner.TestRunner -->
