<?xml version="1.0" encoding="UTF-8"?>
<!-- Generated by org.testng.reporters.JUnitReportReporter -->
<testsuite hostname="TARIQ" failures="0" tests="3" name="smarttech.ny.hooks.CrossBrowser" time="21.812" errors="0" timestamp="14 May 2023 16:28:55 GMT" skipped="0">
  <testcase classname="smarttech.ny.hooks.CrossBrowser" name="testCase" time="6.730"/>
  <testcase classname="smarttech.ny.hooks.CrossBrowser" name="testCase" time="4.749"/>
  <testcase classname="smarttech.ny.hooks.CrossBrowser" name="testCase" time="10.333"/>
</testsuite> <!-- smarttech.ny.hooks.CrossBrowser -->
